<?xml version="1.0" encoding="UTF-8"?>
<!-- Generated by org.testng.reporters.JUnitReportReporter -->
<testsuite hostname="DESKTOP-MK0TLKI" name="com.spring.HelloSelenium" tests="1" failures="0" timestamp="19 Mar 2021 13:10:46 GMT" time="84.924" errors="0">
  <testcase name="Test" time="84.924" classname="com.spring.HelloSelenium"/>
</testsuite> <!-- com.spring.HelloSelenium -->
