<?xml version="1.0" encoding="UTF-8"?>
<!-- Generated by org.testng.reporters.JUnitReportReporter -->
<testsuite hostname="DESKTOP-MK0TLKI" name="com.spring.HelloSelenium" tests="1" failures="0" timestamp="23 Mar 2021 10:29:38 GMT" time="108.607" errors="0">
  <testcase name="Test" time="108.607" classname="com.spring.HelloSelenium"/>
</testsuite> <!-- com.spring.HelloSelenium -->
